<?xml version="1.0" encoding="UTF-8"?>
<testng-results ignored="0" total="1" passed="1" failed="0" skipped="0">
  <reporter-output>
  </reporter-output>
  <suite started-at="2024-03-13T06:57:46 GMT" name="Default suite" finished-at="2024-03-13T06:57:46 GMT" duration-ms="93">
    <groups>
    </groups>
    <test started-at="2024-03-13T06:57:46 GMT" name="Default test" finished-at="2024-03-13T06:57:46 GMT" duration-ms="93">
      <class name="TestNew.ExampletestNG">
        <test-method signature="Testcase1()[pri:0, instance:TestNew.ExampletestNG@1de5f259]" started-at="2024-03-13T06:57:46 GMT" name="Testcase1" finished-at="2024-03-13T06:57:46 GMT" duration-ms="14" status="PASS">
          <reporter-output>
          </reporter-output>
        </test-method> <!-- Testcase1 -->
      </class> <!-- TestNew.ExampletestNG -->
    </test> <!-- Default test -->
  </suite> <!-- Default suite -->
</testng-results>
